{"/Users/zane/.liq/playground/liquid-labs/catalyst-lib-badges/src/common-parameters.mjs": {"path":"/Users/zane/.liq/playground/liquid-labs/catalyst-lib-badges/src/common-parameters.mjs","statementMap":{"0":{"start":{"line":1,"column":25},"end":{"line":6,"column":null}},"1":{"start":{"line":1,"column":31},"end":{"line":6,"column":null}},"2":{"start":{"line":7,"column":1},"end":{"line":7,"column":null}}},"fnMap":{"0":{"name":"(anonymous_0)","decl":{"start":{"line":1,"column":25},"end":{"line":1,"column":31}},"loc":{"start":{"line":1,"column":31},"end":{"line":6,"column":null}}}},"branchMap":{},"s":{"0":0,"1":0,"2":0},"f":{"0":0},"b":{}}
,"/Users/zane/.liq/playground/liquid-labs/catalyst-lib-badges/src/process-badge-builders.mjs": {"path":"/Users/zane/.liq/playground/liquid-labs/catalyst-lib-badges/src/process-badge-builders.mjs","statementMap":{"0":{"start":{"line":1,"column":29},"end":{"line":24,"column":1}},"1":{"start":{"line":2,"column":25},"end":{"line":2,"column":52}},"2":{"start":{"line":4,"column":26},"end":{"line":4,"column":28}},"3":{"start":{"line":5,"column":18},"end":{"line":5,"column":20}},"4":{"start":{"line":7,"column":2},"end":{"line":12,"column":null}},"5":{"start":{"line":8,"column":4},"end":{"line":10,"column":null}},"6":{"start":{"line":9,"column":6},"end":{"line":9,"column":null}},"7":{"start":{"line":11,"column":4},"end":{"line":11,"column":null}},"8":{"start":{"line":14,"column":18},"end":{"line":21,"column":3}},"9":{"start":{"line":17,"column":6},"end":{"line":19,"column":null}},"10":{"start":{"line":17,"column":35},"end":{"line":17,"column":null}},"11":{"start":{"line":18,"column":11},"end":{"line":19,"column":null}},"12":{"start":{"line":18,"column":40},"end":{"line":18,"column":null}},"13":{"start":{"line":19,"column":11},"end":{"line":19,"column":null}},"14":{"start":{"line":23,"column":2},"end":{"line":23,"column":null}},"15":{"start":{"line":24,"column":1},"end":{"line":24,"column":null}}},"fnMap":{"0":{"name":"(anonymous_0)","decl":{"start":{"line":1,"column":29},"end":{"line":1,"column":35}},"loc":{"start":{"line":1,"column":52},"end":{"line":24,"column":1}}},"1":{"name":"(anonymous_1)","decl":{"start":{"line":16,"column":32},"end":{"line":16,"column":33}},"loc":{"start":{"line":16,"column":42},"end":{"line":20,"column":5}}}},"branchMap":{"0":{"loc":{"start":{"line":8,"column":22},"end":{"line":8,"column":47}},"type":"binary-expr","locations":[{"start":{"line":8,"column":22},"end":{"line":8,"column":41}},{"start":{"line":8,"column":45},"end":{"line":8,"column":47}}]},"1":{"loc":{"start":{"line":11,"column":21},"end":{"line":11,"column":41}},"type":"binary-expr","locations":[{"start":{"line":11,"column":21},"end":{"line":11,"column":35}},{"start":{"line":11,"column":39},"end":{"line":11,"column":41}}]},"2":{"loc":{"start":{"line":17,"column":6},"end":{"line":19,"column":null}},"type":"if","locations":[{"start":{"line":17,"column":6},"end":{"line":19,"column":null}},{"start":{"line":18,"column":11},"end":{"line":19,"column":null}}]},"3":{"loc":{"start":{"line":18,"column":11},"end":{"line":19,"column":null}},"type":"if","locations":[{"start":{"line":18,"column":11},"end":{"line":19,"column":null}},{"start":{"line":19,"column":11},"end":{"line":19,"column":null}}]}},"s":{"0":0,"1":0,"2":0,"3":0,"4":0,"5":0,"6":0,"7":0,"8":0,"9":0,"10":0,"11":0,"12":0,"13":0,"14":0,"15":0},"f":{"0":0,"1":0},"b":{"0":[0,0],"1":[0,0],"2":[0,0],"3":[0,0]}}
,"/Users/zane/.liq/playground/liquid-labs/catalyst-lib-badges/src/update-readme.mjs": {"path":"/Users/zane/.liq/playground/liquid-labs/catalyst-lib-badges/src/update-readme.mjs","statementMap":{"0":{"start":{"line":1,"column":0},"end":{"line":1,"column":null}},"1":{"start":{"line":2,"column":0},"end":{"line":2,"column":null}},"2":{"start":{"line":4,"column":0},"end":{"line":4,"column":null}},"3":{"start":{"line":6,"column":0},"end":{"line":6,"column":null}},"4":{"start":{"line":8,"column":0},"end":{"line":8,"column":61}},"5":{"start":{"line":8,"column":61},"end":{"line":8,"column":null}},"6":{"start":{"line":10,"column":20},"end":{"line":10,"column":31}},"7":{"start":{"line":12,"column":21},"end":{"line":70,"column":1}},"8":{"start":{"line":13,"column":21},"end":{"line":13,"column":54}},"9":{"start":{"line":14,"column":17},"end":{"line":14,"column":22}},"10":{"start":{"line":16,"column":2},"end":{"line":34,"column":null}},"11":{"start":{"line":17,"column":4},"end":{"line":17,"column":null}},"12":{"start":{"line":20,"column":4},"end":{"line":33,"column":null}},"13":{"start":{"line":21,"column":6},"end":{"line":21,"column":null}},"14":{"start":{"line":23,"column":22},"end":{"line":23,"column":64}},"15":{"start":{"line":24,"column":27},"end":{"line":24,"column":70}},"16":{"start":{"line":25,"column":30},"end":{"line":25,"column":37}},"17":{"start":{"line":26,"column":6},"end":{"line":26,"column":null}},"18":{"start":{"line":27,"column":6},"end":{"line":29,"column":null}},"19":{"start":{"line":28,"column":8},"end":{"line":28,"column":null}},"20":{"start":{"line":32,"column":6},"end":{"line":32,"column":null}},"21":{"start":{"line":36,"column":2},"end":{"line":51,"column":null}},"22":{"start":{"line":37,"column":29},"end":{"line":37,"column":72}},"23":{"start":{"line":40,"column":4},"end":{"line":47,"column":null}},"24":{"start":{"line":41,"column":6},"end":{"line":41,"column":null}},"25":{"start":{"line":44,"column":6},"end":{"line":46,"column":null}},"26":{"start":{"line":45,"column":8},"end":{"line":45,"column":null}},"27":{"start":{"line":49,"column":25},"end":{"line":49,"column":56}},"28":{"start":{"line":50,"column":4},"end":{"line":50,"column":null}},"29":{"start":{"line":53,"column":2},"end":{"line":69,"column":null}},"30":{"start":{"line":54,"column":24},"end":{"line":54,"column":50}},"31":{"start":{"line":55,"column":21},"end":{"line":55,"column":68}},"32":{"start":{"line":55,"column":50},"end":{"line":55,"column":67}},"33":{"start":{"line":59,"column":25},"end":{"line":59,"column":78}},"34":{"start":{"line":61,"column":4},"end":{"line":61,"column":null}},"35":{"start":{"line":63,"column":30},"end":{"line":63,"column":52}},"36":{"start":{"line":65,"column":4},"end":{"line":65,"column":null}},"37":{"start":{"line":67,"column":7},"end":{"line":69,"column":null}},"38":{"start":{"line":68,"column":4},"end":{"line":68,"column":null}},"39":{"start":{"line":70,"column":1},"end":{"line":70,"column":null}}},"fnMap":{"0":{"name":"_getRequireWildcardCache","decl":{"start":{"line":8,"column":61},"end":{"line":8,"column":null}},"loc":{"start":{"line":8,"column":61},"end":{"line":8,"column":null}}},"1":{"name":"(anonymous_3)","decl":{"start":{"line":12,"column":21},"end":{"line":12,"column":27}},"loc":{"start":{"line":12,"column":55},"end":{"line":70,"column":1}}},"2":{"name":"(anonymous_4)","decl":{"start":{"line":55,"column":44},"end":{"line":55,"column":45}},"loc":{"start":{"line":55,"column":50},"end":{"line":55,"column":67}}}},"branchMap":{"0":{"loc":{"start":{"line":8,"column":61},"end":{"line":8,"column":null}},"type":"if","locations":[{"start":{"line":8,"column":61},"end":{"line":8,"column":null}}]},"1":{"loc":{"start":{"line":8,"column":61},"end":{"line":8,"column":null}},"type":"cond-expr","locations":[{"start":{"line":8,"column":61},"end":{"line":8,"column":null}},{"start":{"line":8,"column":61},"end":{"line":8,"column":null}}]},"2":{"loc":{"start":{"line":8,"column":61},"end":{"line":8,"column":null}},"type":"binary-expr","locations":[{"start":{"line":8,"column":61},"end":{"line":8,"column":null}},{"start":{"line":8,"column":61},"end":{"line":8,"column":null}},{"start":{"line":8,"column":61},"end":{"line":8,"column":null}}]},"3":{"loc":{"start":{"line":20,"column":4},"end":{"line":33,"column":null}},"type":"if","locations":[{"start":{"line":20,"column":4},"end":{"line":33,"column":null}},{"start":{"line":31,"column":9},"end":{"line":33,"column":null}}]},"4":{"loc":{"start":{"line":27,"column":6},"end":{"line":29,"column":null}},"type":"if","locations":[{"start":{"line":27,"column":6},"end":{"line":29,"column":null}}]},"5":{"loc":{"start":{"line":27,"column":10},"end":{"line":27,"column":68}},"type":"binary-expr","locations":[{"start":{"line":27,"column":10},"end":{"line":27,"column":35}},{"start":{"line":27,"column":39},"end":{"line":27,"column":68}}]},"6":{"loc":{"start":{"line":36,"column":2},"end":{"line":51,"column":null}},"type":"if","locations":[{"start":{"line":36,"column":2},"end":{"line":51,"column":null}}]},"7":{"loc":{"start":{"line":44,"column":6},"end":{"line":46,"column":null}},"type":"if","locations":[{"start":{"line":44,"column":6},"end":{"line":46,"column":null}}]},"8":{"loc":{"start":{"line":53,"column":2},"end":{"line":69,"column":null}},"type":"if","locations":[{"start":{"line":53,"column":2},"end":{"line":69,"column":null}},{"start":{"line":67,"column":7},"end":{"line":69,"column":null}}]},"9":{"loc":{"start":{"line":53,"column":6},"end":{"line":53,"column":55}},"type":"binary-expr","locations":[{"start":{"line":53,"column":6},"end":{"line":53,"column":30}},{"start":{"line":53,"column":34},"end":{"line":53,"column":55}}]},"10":{"loc":{"start":{"line":59,"column":25},"end":{"line":59,"column":78}},"type":"cond-expr","locations":[{"start":{"line":59,"column":73},"end":{"line":59,"column":74}},{"start":{"line":59,"column":77},"end":{"line":59,"column":78}}]},"11":{"loc":{"start":{"line":59,"column":25},"end":{"line":59,"column":70}},"type":"binary-expr","locations":[{"start":{"line":59,"column":25},"end":{"line":59,"column":52}},{"start":{"line":59,"column":50},"end":{"line":59,"column":52}},{"start":{"line":59,"column":25},"end":{"line":59,"column":70}}]},"12":{"loc":{"start":{"line":67,"column":7},"end":{"line":69,"column":null}},"type":"if","locations":[{"start":{"line":67,"column":7},"end":{"line":69,"column":null}}]}},"s":{"0":1,"1":1,"2":1,"3":1,"4":1,"5":216,"6":1,"7":1,"8":3,"9":3,"10":3,"11":3,"12":1,"13":1,"14":1,"15":1,"16":1,"17":1,"18":1,"19":0,"20":0,"21":3,"22":1,"23":1,"24":1,"25":0,"26":0,"27":1,"28":1,"29":3,"30":3,"31":3,"32":3,"33":3,"34":3,"35":3,"36":3,"37":0,"38":0,"39":1},"f":{"0":5,"1":3,"2":3},"b":{"0":[49],"1":[98,100],"2":[51,51,49],"3":[1,0],"4":[0],"5":[1,0],"6":[1],"7":[0],"8":[3,0],"9":[3,3],"10":[2,1],"11":[3,3,3],"12":[0]}}
,"/Users/zane/.liq/playground/liquid-labs/catalyst-lib-badges/src/lib/extract-badges-line.mjs": {"path":"/Users/zane/.liq/playground/liquid-labs/catalyst-lib-badges/src/lib/extract-badges-line.mjs","statementMap":{"0":{"start":{"line":1,"column":26},"end":{"line":13,"column":1}},"1":{"start":{"line":2,"column":20},"end":{"line":2,"column":22}},"2":{"start":{"line":4,"column":2},"end":{"line":4,"column":null}},"3":{"start":{"line":6,"column":24},"end":{"line":10,"column":11}},"4":{"start":{"line":7,"column":20},"end":{"line":7,"column":84}},"5":{"start":{"line":8,"column":28},"end":{"line":8,"column":37}},"6":{"start":{"line":12,"column":2},"end":{"line":12,"column":null}},"7":{"start":{"line":13,"column":1},"end":{"line":13,"column":null}},"8":{"start":{"line":15,"column":20},"end":{"line":31,"column":1}},"9":{"start":{"line":16,"column":22},"end":{"line":16,"column":26}},"10":{"start":{"line":18,"column":2},"end":{"line":30,"column":null}},"11":{"start":{"line":19,"column":4},"end":{"line":24,"column":null}},"12":{"start":{"line":20,"column":38},"end":{"line":20,"column":44}},"13":{"start":{"line":21,"column":6},"end":{"line":23,"column":null}},"14":{"start":{"line":22,"column":8},"end":{"line":22,"column":null}},"15":{"start":{"line":26,"column":7},"end":{"line":30,"column":null}},"16":{"start":{"line":27,"column":4},"end":{"line":29,"column":null}},"17":{"start":{"line":28,"column":6},"end":{"line":28,"column":null}}},"fnMap":{"0":{"name":"(anonymous_0)","decl":{"start":{"line":1,"column":26},"end":{"line":1,"column":27}},"loc":{"start":{"line":1,"column":53},"end":{"line":13,"column":1}}},"1":{"name":"(anonymous_1)","decl":{"start":{"line":7,"column":10},"end":{"line":7,"column":11}},"loc":{"start":{"line":7,"column":20},"end":{"line":7,"column":84}}},"2":{"name":"(anonymous_2)","decl":{"start":{"line":8,"column":9},"end":{"line":8,"column":10}},"loc":{"start":{"line":8,"column":28},"end":{"line":8,"column":37}}},"3":{"name":"(anonymous_3)","decl":{"start":{"line":15,"column":20},"end":{"line":15,"column":21}},"loc":{"start":{"line":15,"column":45},"end":{"line":31,"column":1}}}},"branchMap":{"0":{"loc":{"start":{"line":1,"column":29},"end":{"line":1,"column":47}},"type":"default-arg","locations":[{"start":{"line":1,"column":44},"end":{"line":1,"column":47}}]},"1":{"loc":{"start":{"line":7,"column":20},"end":{"line":7,"column":84}},"type":"cond-expr","locations":[{"start":{"line":7,"column":46},"end":{"line":7,"column":47}},{"start":{"line":7,"column":51},"end":{"line":7,"column":84}}]},"2":{"loc":{"start":{"line":7,"column":51},"end":{"line":7,"column":84}},"type":"cond-expr","locations":[{"start":{"line":7,"column":77},"end":{"line":7,"column":79}},{"start":{"line":7,"column":82},"end":{"line":7,"column":84}}]},"3":{"loc":{"start":{"line":18,"column":2},"end":{"line":30,"column":null}},"type":"if","locations":[{"start":{"line":18,"column":2},"end":{"line":30,"column":null}},{"start":{"line":26,"column":7},"end":{"line":30,"column":null}}]},"4":{"loc":{"start":{"line":21,"column":6},"end":{"line":23,"column":null}},"type":"if","locations":[{"start":{"line":21,"column":6},"end":{"line":23,"column":null}}]},"5":{"loc":{"start":{"line":21,"column":10},"end":{"line":21,"column":59}},"type":"binary-expr","locations":[{"start":{"line":21,"column":10},"end":{"line":21,"column":33}},{"start":{"line":21,"column":37},"end":{"line":21,"column":59}}]},"6":{"loc":{"start":{"line":26,"column":7},"end":{"line":30,"column":null}},"type":"if","locations":[{"start":{"line":26,"column":7},"end":{"line":30,"column":null}}]}},"s":{"0":1,"1":1,"2":1,"3":1,"4":0,"5":1,"6":1,"7":1,"8":1,"9":6,"10":6,"11":2,"12":10,"13":10,"14":1,"15":4,"16":4,"17":5},"f":{"0":1,"1":0,"2":1,"3":6},"b":{"0":[0],"1":[0,0],"2":[0,0],"3":[2,4],"4":[1],"5":[10,1],"6":[4]}}
}
